2023-05-22 10:25:05,388 [Worker-6: Loading available Gradle versions] INFO  o.e.b.c.i.u.g.PublishedGradleVersions - Gradle version information cache is up-to-date. Trying to read.
2023-05-25 14:44:06,011 [Worker-1: Loading available Gradle versions] INFO  o.e.b.c.i.u.g.PublishedGradleVersions - Gradle version information cache is up-to-date. Trying to read.
2023-05-25 15:29:41,354 [Worker-7: Loading available Gradle versions] INFO  o.e.b.c.i.u.g.PublishedGradleVersions - Gradle version information cache is up-to-date. Trying to read.
2023-05-25 15:31:35,805 [Worker-5: Import Getting Started Content] INFO  o.e.m.c.i.l.LifecycleMappingFactory - Using org.eclipse.m2e.jdt.JarLifecycleMapping lifecycle mapping for MavenProject: com.saumya:demo:0.0.1-SNAPSHOT @ D:\6Degree\honeycomb\demo\pom.xml.
2023-05-25 15:31:36,980 [Worker-5: Import Getting Started Content] INFO  o.e.m.c.i.e.AbstractTransferListenerAdapter - Downloading https://repo.maven.apache.org/maven2/com/mysql/mysql-connector-j/8.0.33/mysql-connector-j-8.0.33.pom
2023-05-25 15:31:37,015 [Worker-5: Import Getting Started Content] INFO  o.e.m.c.i.e.AbstractTransferListenerAdapter - Downloaded https://repo.maven.apache.org/maven2/com/mysql/mysql-connector-j/8.0.33/mysql-connector-j-8.0.33.pom
2023-05-25 15:31:37,217 [AetherRepositoryConnector-repo.maven.apache.org-0-0] INFO  o.e.m.c.i.e.AbstractTransferListenerAdapter - Downloading https://repo.maven.apache.org/maven2/org/hibernate/common/hibernate-commons-annotations/6.0.6.Final/hibernate-commons-annotations-6.0.6.Final.jar
2023-05-25 15:31:37,244 [AetherRepositoryConnector-repo.maven.apache.org-0-1] INFO  o.e.m.c.i.e.AbstractTransferListenerAdapter - Downloading https://repo.maven.apache.org/maven2/com/mysql/mysql-connector-j/8.0.33/mysql-connector-j-8.0.33.jar
2023-05-25 15:31:37,293 [AetherRepositoryConnector-repo.maven.apache.org-0-0] INFO  o.e.m.c.i.e.AbstractTransferListenerAdapter - Downloaded https://repo.maven.apache.org/maven2/org/hibernate/common/hibernate-commons-annotations/6.0.6.Final/hibernate-commons-annotations-6.0.6.Final.jar
2023-05-25 15:31:37,481 [AetherRepositoryConnector-repo.maven.apache.org-0-1] INFO  o.e.m.c.i.e.AbstractTransferListenerAdapter - Downloaded https://repo.maven.apache.org/maven2/com/mysql/mysql-connector-j/8.0.33/mysql-connector-j-8.0.33.jar
2023-05-25 15:31:38,518 [Worker-5: Import Getting Started Content] INFO  o.e.m.j.i.AbstractJavaProjectConfigurator - Adding source folder /demo/src/main/java
2023-05-25 15:31:38,519 [Worker-5: Import Getting Started Content] INFO  o.e.m.j.i.AbstractJavaProjectConfigurator - Adding resource folder /demo/src/main/resources
2023-05-25 15:31:38,521 [Worker-5: Import Getting Started Content] INFO  o.e.m.j.i.AbstractJavaProjectConfigurator - Adding resource folder /demo/src/main/resources
2023-05-25 15:31:38,526 [Worker-5: Import Getting Started Content] INFO  o.e.m.j.i.AbstractJavaProjectConfigurator - Adding source folder /demo/src/test/java
2023-05-25 15:31:39,209 [Worker-8: Download sources and javadoc] INFO  o.e.m.c.i.e.AbstractTransferListenerAdapter - Downloading https://repo.maven.apache.org/maven2/org/hibernate/common/hibernate-commons-annotations/6.0.6.Final/hibernate-commons-annotations-6.0.6.Final-sources.jar
2023-05-25 15:31:39,246 [Worker-8: Download sources and javadoc] INFO  o.e.m.c.i.e.AbstractTransferListenerAdapter - Downloaded https://repo.maven.apache.org/maven2/org/hibernate/common/hibernate-commons-annotations/6.0.6.Final/hibernate-commons-annotations-6.0.6.Final-sources.jar
2023-05-25 15:31:39,249 [Worker-8: Download sources and javadoc] INFO  o.e.m.j.internal.DownloadSourcesJob - Downloaded sources for org.hibernate.common:hibernate-commons-annotations:6.0.6.Final
2023-05-25 15:31:39,331 [Worker-8: Download sources and javadoc] INFO  o.e.m.c.i.e.AbstractTransferListenerAdapter - Downloading https://repo.maven.apache.org/maven2/com/mysql/mysql-connector-j/8.0.33/mysql-connector-j-8.0.33-sources.jar
2023-05-25 15:31:39,547 [Worker-8: Download sources and javadoc] INFO  o.e.m.c.i.e.AbstractTransferListenerAdapter - Downloaded https://repo.maven.apache.org/maven2/com/mysql/mysql-connector-j/8.0.33/mysql-connector-j-8.0.33-sources.jar
2023-05-25 15:31:39,550 [Worker-8: Download sources and javadoc] INFO  o.e.m.j.internal.DownloadSourcesJob - Downloaded sources for com.mysql:mysql-connector-j:8.0.33
2023-05-25 15:31:39,963 [Worker-5: Import Getting Started Content] INFO  o.e.m.c.i.p.ProjectConfigurationManager - Imported and configured 1 project(s) in 5 sec
2023-05-25 15:31:39,968 [Worker-5: Import Getting Started Content] INFO  o.e.m.c.i.p.ProjectConfigurationManager - Update started
2023-05-25 15:31:40,349 [Worker-5: Import Getting Started Content] INFO  o.e.m.c.i.l.LifecycleMappingFactory - Using org.eclipse.m2e.jdt.JarLifecycleMapping lifecycle mapping for MavenProject: com.saumya:demo:0.0.1-SNAPSHOT @ D:\6Degree\honeycomb\demo\pom.xml.
2023-05-25 15:31:40,838 [Worker-5: Import Getting Started Content] INFO  o.e.m.j.i.AbstractJavaProjectConfigurator - Adding source folder /demo/src/main/java
2023-05-25 15:31:40,838 [Worker-5: Import Getting Started Content] INFO  o.e.m.j.i.AbstractJavaProjectConfigurator - Adding resource folder /demo/src/main/resources
2023-05-25 15:31:40,839 [Worker-5: Import Getting Started Content] INFO  o.e.m.j.i.AbstractJavaProjectConfigurator - Adding resource folder /demo/src/main/resources
2023-05-25 15:31:40,839 [Worker-5: Import Getting Started Content] INFO  o.e.m.j.i.AbstractJavaProjectConfigurator - Adding source folder /demo/src/test/java
2023-05-25 15:31:42,203 [Worker-5: Import Getting Started Content] INFO  o.e.m.c.i.p.ProjectConfigurationManager - Update completed for 1 poms: local refresh takes 0.00 sec, refresh facades takes 0.00 sec, update config takes 0.00 sec 
2023-05-25 15:40:34,378 [Worker-0: Loading available Gradle versions] INFO  o.e.b.c.i.u.g.PublishedGradleVersions - Gradle version information cache is up-to-date. Trying to read.
2023-05-25 15:40:53,130 [Worker-3: Building] INFO  o.a.m.s.f.DefaultMavenResourcesFiltering - Copying 1 resource from src\main\resources to target\classes
2023-05-25 15:40:53,234 [Worker-3: Building] INFO  o.a.m.s.f.DefaultMavenResourcesFiltering - Copying 0 resource from src\main\resources to target\classes
2023-05-25 15:40:53,240 [Worker-3: Building] INFO  o.a.m.s.f.DefaultMavenResourcesFiltering - skip non existing resourceDirectory D:\6Degree\honeycomb\demo\src\test\resources
2023-05-25 15:49:09,194 [Worker-14: Building] INFO  o.a.m.s.f.DefaultMavenResourcesFiltering - Copying 1 resource from src\main\resources to target\classes
2023-05-25 15:49:09,202 [Worker-14: Building] INFO  o.a.m.s.f.DefaultMavenResourcesFiltering - Copying 0 resource from src\main\resources to target\classes
2023-05-25 15:49:09,237 [Worker-14: Building] INFO  o.a.m.s.f.DefaultMavenResourcesFiltering - skip non existing resourceDirectory D:\6Degree\honeycomb\demo\src\test\resources
2023-05-25 15:51:12,847 [Worker-0: Launching demo - DemoApplication] INFO  o.a.m.s.f.DefaultMavenResourcesFiltering - Copying 1 resource from src\main\resources to target\classes
2023-05-25 15:51:12,852 [Worker-0: Launching demo - DemoApplication] INFO  o.a.m.s.f.DefaultMavenResourcesFiltering - Copying 0 resource from src\main\resources to target\classes
2023-05-25 15:51:12,856 [Worker-0: Launching demo - DemoApplication] INFO  o.a.m.s.f.DefaultMavenResourcesFiltering - skip non existing resourceDirectory D:\6Degree\honeycomb\demo\src\test\resources
2023-05-25 15:52:08,769 [Worker-20: Building] INFO  o.a.m.s.f.DefaultMavenResourcesFiltering - Copying 1 resource from src\main\resources to target\classes
2023-05-25 15:52:08,775 [Worker-20: Building] INFO  o.a.m.s.f.DefaultMavenResourcesFiltering - Copying 0 resource from src\main\resources to target\classes
2023-05-25 15:52:08,779 [Worker-20: Building] INFO  o.a.m.s.f.DefaultMavenResourcesFiltering - skip non existing resourceDirectory D:\6Degree\honeycomb\demo\src\test\resources
2023-05-25 15:52:43,821 [Worker-0: Building] INFO  o.a.m.s.f.DefaultMavenResourcesFiltering - Copying 1 resource from src\main\resources to target\classes
2023-05-25 15:52:43,825 [Worker-0: Building] INFO  o.a.m.s.f.DefaultMavenResourcesFiltering - Copying 0 resource from src\main\resources to target\classes
2023-05-25 15:52:43,829 [Worker-0: Building] INFO  o.a.m.s.f.DefaultMavenResourcesFiltering - skip non existing resourceDirectory D:\6Degree\honeycomb\demo\src\test\resources
2023-05-25 15:58:28,177 [Worker-20: Launching demo - DemoApplication] INFO  o.a.m.s.f.DefaultMavenResourcesFiltering - Copying 1 resource from src\main\resources to target\classes
2023-05-25 15:58:28,184 [Worker-20: Launching demo - DemoApplication] INFO  o.a.m.s.f.DefaultMavenResourcesFiltering - Copying 0 resource from src\main\resources to target\classes
2023-05-25 15:58:28,187 [Worker-20: Launching demo - DemoApplication] INFO  o.a.m.s.f.DefaultMavenResourcesFiltering - skip non existing resourceDirectory D:\6Degree\honeycomb\demo\src\test\resources
2023-05-25 15:58:58,218 [Worker-14: Building] INFO  o.a.m.s.f.DefaultMavenResourcesFiltering - Copying 1 resource from src\main\resources to target\classes
2023-05-25 15:58:58,224 [Worker-14: Building] INFO  o.a.m.s.f.DefaultMavenResourcesFiltering - Copying 0 resource from src\main\resources to target\classes
2023-05-25 15:58:58,230 [Worker-14: Building] INFO  o.a.m.s.f.DefaultMavenResourcesFiltering - skip non existing resourceDirectory D:\6Degree\honeycomb\demo\src\test\resources
2023-05-25 15:59:02,370 [Worker-22: Launching demo - DemoApplication] INFO  o.a.m.s.f.DefaultMavenResourcesFiltering - Copying 1 resource from src\main\resources to target\classes
2023-05-25 15:59:02,377 [Worker-22: Launching demo - DemoApplication] INFO  o.a.m.s.f.DefaultMavenResourcesFiltering - Copying 0 resource from src\main\resources to target\classes
2023-05-25 15:59:02,385 [Worker-22: Launching demo - DemoApplication] INFO  o.a.m.s.f.DefaultMavenResourcesFiltering - skip non existing resourceDirectory D:\6Degree\honeycomb\demo\src\test\resources
2023-05-25 16:01:08,156 [Worker-25: Building] INFO  o.a.m.s.f.DefaultMavenResourcesFiltering - Copying 1 resource from src\main\resources to target\classes
2023-05-25 16:01:08,160 [Worker-25: Building] INFO  o.a.m.s.f.DefaultMavenResourcesFiltering - Copying 0 resource from src\main\resources to target\classes
2023-05-25 16:01:08,163 [Worker-25: Building] INFO  o.a.m.s.f.DefaultMavenResourcesFiltering - skip non existing resourceDirectory D:\6Degree\honeycomb\demo\src\test\resources
2023-05-25 16:01:34,763 [Worker-24: Building] INFO  o.a.m.s.f.DefaultMavenResourcesFiltering - Copying 1 resource from src\main\resources to target\classes
2023-05-25 16:01:34,767 [Worker-24: Building] INFO  o.a.m.s.f.DefaultMavenResourcesFiltering - Copying 0 resource from src\main\resources to target\classes
2023-05-25 16:01:34,770 [Worker-24: Building] INFO  o.a.m.s.f.DefaultMavenResourcesFiltering - skip non existing resourceDirectory D:\6Degree\honeycomb\demo\src\test\resources
2023-05-25 16:01:47,237 [Worker-25: Building] INFO  o.a.m.s.f.DefaultMavenResourcesFiltering - Copying 1 resource from src\main\resources to target\classes
2023-05-25 16:01:47,241 [Worker-25: Building] INFO  o.a.m.s.f.DefaultMavenResourcesFiltering - Copying 0 resource from src\main\resources to target\classes
2023-05-25 16:01:47,244 [Worker-25: Building] INFO  o.a.m.s.f.DefaultMavenResourcesFiltering - skip non existing resourceDirectory D:\6Degree\honeycomb\demo\src\test\resources
2023-05-25 16:03:34,169 [Worker-27: Building] INFO  o.a.m.s.f.DefaultMavenResourcesFiltering - Copying 1 resource from src\main\resources to target\classes
2023-05-25 16:03:34,172 [Worker-27: Building] INFO  o.a.m.s.f.DefaultMavenResourcesFiltering - Copying 0 resource from src\main\resources to target\classes
2023-05-25 16:03:34,174 [Worker-27: Building] INFO  o.a.m.s.f.DefaultMavenResourcesFiltering - skip non existing resourceDirectory D:\6Degree\honeycomb\demo\src\test\resources
2023-05-25 16:06:25,705 [Worker-22: Building] INFO  o.a.m.s.f.DefaultMavenResourcesFiltering - Copying 1 resource from src\main\resources to target\classes
2023-05-25 16:06:25,710 [Worker-22: Building] INFO  o.a.m.s.f.DefaultMavenResourcesFiltering - Copying 0 resource from src\main\resources to target\classes
2023-05-25 16:06:25,713 [Worker-22: Building] INFO  o.a.m.s.f.DefaultMavenResourcesFiltering - skip non existing resourceDirectory D:\6Degree\honeycomb\demo\src\test\resources
2023-05-25 16:07:33,179 [Worker-25: Building] INFO  o.a.m.s.f.DefaultMavenResourcesFiltering - Copying 1 resource from src\main\resources to target\classes
2023-05-25 16:07:33,182 [Worker-25: Building] INFO  o.a.m.s.f.DefaultMavenResourcesFiltering - Copying 0 resource from src\main\resources to target\classes
2023-05-25 16:07:33,186 [Worker-25: Building] INFO  o.a.m.s.f.DefaultMavenResourcesFiltering - skip non existing resourceDirectory D:\6Degree\honeycomb\demo\src\test\resources
2023-05-25 16:09:05,624 [Worker-30: Building] INFO  o.a.m.s.f.DefaultMavenResourcesFiltering - Copying 1 resource from src\main\resources to target\classes
2023-05-25 16:09:05,629 [Worker-30: Building] INFO  o.a.m.s.f.DefaultMavenResourcesFiltering - Copying 0 resource from src\main\resources to target\classes
2023-05-25 16:09:05,632 [Worker-30: Building] INFO  o.a.m.s.f.DefaultMavenResourcesFiltering - skip non existing resourceDirectory D:\6Degree\honeycomb\demo\src\test\resources
2023-05-25 16:09:49,164 [Worker-30: Building] INFO  o.a.m.s.f.DefaultMavenResourcesFiltering - Copying 1 resource from src\main\resources to target\classes
2023-05-25 16:09:49,168 [Worker-30: Building] INFO  o.a.m.s.f.DefaultMavenResourcesFiltering - Copying 0 resource from src\main\resources to target\classes
2023-05-25 16:09:49,172 [Worker-30: Building] INFO  o.a.m.s.f.DefaultMavenResourcesFiltering - skip non existing resourceDirectory D:\6Degree\honeycomb\demo\src\test\resources
2023-06-07 10:50:33,562 [Worker-8: Loading available Gradle versions] INFO  o.e.b.c.i.u.g.PublishedGradleVersions - Gradle version information cache is up-to-date. Trying to read.
2023-06-07 11:18:25,438 [Worker-16: Launching mavenrun-69378b04-e4ac-4272-8b81-71f27b641e8a] INFO  o.eclipse.m2e.core.internal.Bundles - getClasspathEntries(Bundle=org.eclipse.m2e.maven.runtime_3.8.604.20221130-2149 [605])
2023-06-07 11:18:25,450 [Worker-16: Launching mavenrun-69378b04-e4ac-4272-8b81-71f27b641e8a] INFO  o.eclipse.m2e.core.internal.Bundles - 	Entry: C:\Users\saumy\.p2\pool\plugins\org.eclipse.m2e.maven.runtime_3.8.604.20221130-2149
2023-06-07 11:18:25,450 [Worker-16: Launching mavenrun-69378b04-e4ac-4272-8b81-71f27b641e8a] INFO  o.eclipse.m2e.core.internal.Bundles - 	Entry: C:\Users\saumy\.p2\pool\plugins\org.eclipse.m2e.maven.runtime_3.8.604.20221130-2149\jars\aether-connector-okhttp-0.17.8.jar
2023-06-07 11:18:25,450 [Worker-16: Launching mavenrun-69378b04-e4ac-4272-8b81-71f27b641e8a] INFO  o.eclipse.m2e.core.internal.Bundles - 	Entry: C:\Users\saumy\.p2\pool\plugins\org.eclipse.m2e.maven.runtime_3.8.604.20221130-2149\jars\commons-cli-1.4.jar
2023-06-07 11:18:25,451 [Worker-16: Launching mavenrun-69378b04-e4ac-4272-8b81-71f27b641e8a] INFO  o.eclipse.m2e.core.internal.Bundles - 	Entry: C:\Users\saumy\.p2\pool\plugins\org.eclipse.m2e.maven.runtime_3.8.604.20221130-2149\jars\commons-io-2.6.jar
2023-06-07 11:18:25,451 [Worker-16: Launching mavenrun-69378b04-e4ac-4272-8b81-71f27b641e8a] INFO  o.eclipse.m2e.core.internal.Bundles - 	Entry: C:\Users\saumy\.p2\pool\plugins\org.eclipse.m2e.maven.runtime_3.8.604.20221130-2149\jars\commons-lang3-3.8.1.jar
2023-06-07 11:18:25,451 [Worker-16: Launching mavenrun-69378b04-e4ac-4272-8b81-71f27b641e8a] INFO  o.eclipse.m2e.core.internal.Bundles - 	Entry: C:\Users\saumy\.p2\pool\plugins\org.eclipse.m2e.maven.runtime_3.8.604.20221130-2149\jars\guice-4.2.2-no_aop.jar
2023-06-07 11:18:25,452 [Worker-16: Launching mavenrun-69378b04-e4ac-4272-8b81-71f27b641e8a] INFO  o.eclipse.m2e.core.internal.Bundles - 	Entry: C:\Users\saumy\.p2\pool\plugins\org.eclipse.m2e.maven.runtime_3.8.604.20221130-2149\jars\jansi-2.4.0.jar
2023-06-07 11:18:25,452 [Worker-16: Launching mavenrun-69378b04-e4ac-4272-8b81-71f27b641e8a] INFO  o.eclipse.m2e.core.internal.Bundles - 	Entry: C:\Users\saumy\.p2\pool\plugins\org.eclipse.m2e.maven.runtime_3.8.604.20221130-2149\jars\maven-artifact-3.8.6.jar
2023-06-07 11:18:25,452 [Worker-16: Launching mavenrun-69378b04-e4ac-4272-8b81-71f27b641e8a] INFO  o.eclipse.m2e.core.internal.Bundles - 	Entry: C:\Users\saumy\.p2\pool\plugins\org.eclipse.m2e.maven.runtime_3.8.604.20221130-2149\jars\maven-builder-support-3.8.6.jar
2023-06-07 11:18:25,452 [Worker-16: Launching mavenrun-69378b04-e4ac-4272-8b81-71f27b641e8a] INFO  o.eclipse.m2e.core.internal.Bundles - 	Entry: C:\Users\saumy\.p2\pool\plugins\org.eclipse.m2e.maven.runtime_3.8.604.20221130-2149\jars\maven-compat-3.8.6.jar
2023-06-07 11:18:25,452 [Worker-16: Launching mavenrun-69378b04-e4ac-4272-8b81-71f27b641e8a] INFO  o.eclipse.m2e.core.internal.Bundles - 	Entry: C:\Users\saumy\.p2\pool\plugins\org.eclipse.m2e.maven.runtime_3.8.604.20221130-2149\jars\maven-core-3.8.6.jar
2023-06-07 11:18:25,452 [Worker-16: Launching mavenrun-69378b04-e4ac-4272-8b81-71f27b641e8a] INFO  o.eclipse.m2e.core.internal.Bundles - 	Entry: C:\Users\saumy\.p2\pool\plugins\org.eclipse.m2e.maven.runtime_3.8.604.20221130-2149\jars\maven-embedder-3.8.6.jar
2023-06-07 11:18:25,453 [Worker-16: Launching mavenrun-69378b04-e4ac-4272-8b81-71f27b641e8a] INFO  o.eclipse.m2e.core.internal.Bundles - 	Entry: C:\Users\saumy\.p2\pool\plugins\org.eclipse.m2e.maven.runtime_3.8.604.20221130-2149\jars\maven-model-3.8.6.jar
2023-06-07 11:18:25,453 [Worker-16: Launching mavenrun-69378b04-e4ac-4272-8b81-71f27b641e8a] INFO  o.eclipse.m2e.core.internal.Bundles - 	Entry: C:\Users\saumy\.p2\pool\plugins\org.eclipse.m2e.maven.runtime_3.8.604.20221130-2149\jars\maven-model-builder-3.8.6.jar
2023-06-07 11:18:25,453 [Worker-16: Launching mavenrun-69378b04-e4ac-4272-8b81-71f27b641e8a] INFO  o.eclipse.m2e.core.internal.Bundles - 	Entry: C:\Users\saumy\.p2\pool\plugins\org.eclipse.m2e.maven.runtime_3.8.604.20221130-2149\jars\maven-plugin-api-3.8.6.jar
2023-06-07 11:18:25,453 [Worker-16: Launching mavenrun-69378b04-e4ac-4272-8b81-71f27b641e8a] INFO  o.eclipse.m2e.core.internal.Bundles - 	Entry: C:\Users\saumy\.p2\pool\plugins\org.eclipse.m2e.maven.runtime_3.8.604.20221130-2149\jars\maven-repository-metadata-3.8.6.jar
2023-06-07 11:18:25,453 [Worker-16: Launching mavenrun-69378b04-e4ac-4272-8b81-71f27b641e8a] INFO  o.eclipse.m2e.core.internal.Bundles - 	Entry: C:\Users\saumy\.p2\pool\plugins\org.eclipse.m2e.maven.runtime_3.8.604.20221130-2149\jars\maven-resolver-api-1.6.3.jar
2023-06-07 11:18:25,453 [Worker-16: Launching mavenrun-69378b04-e4ac-4272-8b81-71f27b641e8a] INFO  o.eclipse.m2e.core.internal.Bundles - 	Entry: C:\Users\saumy\.p2\pool\plugins\org.eclipse.m2e.maven.runtime_3.8.604.20221130-2149\jars\maven-resolver-connector-basic-1.6.3.jar
2023-06-07 11:18:25,453 [Worker-16: Launching mavenrun-69378b04-e4ac-4272-8b81-71f27b641e8a] INFO  o.eclipse.m2e.core.internal.Bundles - 	Entry: C:\Users\saumy\.p2\pool\plugins\org.eclipse.m2e.maven.runtime_3.8.604.20221130-2149\jars\maven-resolver-impl-1.6.3.jar
2023-06-07 11:18:25,454 [Worker-16: Launching mavenrun-69378b04-e4ac-4272-8b81-71f27b641e8a] INFO  o.eclipse.m2e.core.internal.Bundles - 	Entry: C:\Users\saumy\.p2\pool\plugins\org.eclipse.m2e.maven.runtime_3.8.604.20221130-2149\jars\maven-resolver-provider-3.8.6.jar
2023-06-07 11:18:25,454 [Worker-16: Launching mavenrun-69378b04-e4ac-4272-8b81-71f27b641e8a] INFO  o.eclipse.m2e.core.internal.Bundles - 	Entry: C:\Users\saumy\.p2\pool\plugins\org.eclipse.m2e.maven.runtime_3.8.604.20221130-2149\jars\maven-resolver-spi-1.6.3.jar
2023-06-07 11:18:25,454 [Worker-16: Launching mavenrun-69378b04-e4ac-4272-8b81-71f27b641e8a] INFO  o.eclipse.m2e.core.internal.Bundles - 	Entry: C:\Users\saumy\.p2\pool\plugins\org.eclipse.m2e.maven.runtime_3.8.604.20221130-2149\jars\maven-resolver-transport-wagon-1.6.3.jar
2023-06-07 11:18:25,454 [Worker-16: Launching mavenrun-69378b04-e4ac-4272-8b81-71f27b641e8a] INFO  o.eclipse.m2e.core.internal.Bundles - 	Entry: C:\Users\saumy\.p2\pool\plugins\org.eclipse.m2e.maven.runtime_3.8.604.20221130-2149\jars\maven-resolver-util-1.6.3.jar
2023-06-07 11:18:25,454 [Worker-16: Launching mavenrun-69378b04-e4ac-4272-8b81-71f27b641e8a] INFO  o.eclipse.m2e.core.internal.Bundles - 	Entry: C:\Users\saumy\.p2\pool\plugins\org.eclipse.m2e.maven.runtime_3.8.604.20221130-2149\jars\maven-settings-3.8.6.jar
2023-06-07 11:18:25,454 [Worker-16: Launching mavenrun-69378b04-e4ac-4272-8b81-71f27b641e8a] INFO  o.eclipse.m2e.core.internal.Bundles - 	Entry: C:\Users\saumy\.p2\pool\plugins\org.eclipse.m2e.maven.runtime_3.8.604.20221130-2149\jars\maven-settings-builder-3.8.6.jar
2023-06-07 11:18:25,454 [Worker-16: Launching mavenrun-69378b04-e4ac-4272-8b81-71f27b641e8a] INFO  o.eclipse.m2e.core.internal.Bundles - 	Entry: C:\Users\saumy\.p2\pool\plugins\org.eclipse.m2e.maven.runtime_3.8.604.20221130-2149\jars\maven-shared-utils-3.3.4.jar
2023-06-07 11:18:25,455 [Worker-16: Launching mavenrun-69378b04-e4ac-4272-8b81-71f27b641e8a] INFO  o.eclipse.m2e.core.internal.Bundles - 	Entry: C:\Users\saumy\.p2\pool\plugins\org.eclipse.m2e.maven.runtime_3.8.604.20221130-2149\jars\okhttp-3.14.1.jar
2023-06-07 11:18:25,455 [Worker-16: Launching mavenrun-69378b04-e4ac-4272-8b81-71f27b641e8a] INFO  o.eclipse.m2e.core.internal.Bundles - 	Entry: C:\Users\saumy\.p2\pool\plugins\org.eclipse.m2e.maven.runtime_3.8.604.20221130-2149\jars\okio-1.17.3.jar
2023-06-07 11:18:25,455 [Worker-16: Launching mavenrun-69378b04-e4ac-4272-8b81-71f27b641e8a] INFO  o.eclipse.m2e.core.internal.Bundles - 	Entry: C:\Users\saumy\.p2\pool\plugins\org.eclipse.m2e.maven.runtime_3.8.604.20221130-2149\jars\org.eclipse.sisu.inject-0.3.5.jar
2023-06-07 11:18:25,455 [Worker-16: Launching mavenrun-69378b04-e4ac-4272-8b81-71f27b641e8a] INFO  o.eclipse.m2e.core.internal.Bundles - 	Entry: C:\Users\saumy\.p2\pool\plugins\org.eclipse.m2e.maven.runtime_3.8.604.20221130-2149\jars\org.eclipse.sisu.plexus-0.3.5.jar
2023-06-07 11:18:25,455 [Worker-16: Launching mavenrun-69378b04-e4ac-4272-8b81-71f27b641e8a] INFO  o.eclipse.m2e.core.internal.Bundles - 	Entry: C:\Users\saumy\.p2\pool\plugins\org.eclipse.m2e.maven.runtime_3.8.604.20221130-2149\jars\plexus-build-api-0.0.7.jar
2023-06-07 11:18:25,455 [Worker-16: Launching mavenrun-69378b04-e4ac-4272-8b81-71f27b641e8a] INFO  o.eclipse.m2e.core.internal.Bundles - 	Entry: C:\Users\saumy\.p2\pool\plugins\org.eclipse.m2e.maven.runtime_3.8.604.20221130-2149\jars\plexus-cipher-2.0.jar
2023-06-07 11:18:25,455 [Worker-16: Launching mavenrun-69378b04-e4ac-4272-8b81-71f27b641e8a] INFO  o.eclipse.m2e.core.internal.Bundles - 	Entry: C:\Users\saumy\.p2\pool\plugins\org.eclipse.m2e.maven.runtime_3.8.604.20221130-2149\jars\plexus-classworlds-2.6.0.jar
2023-06-07 11:18:25,456 [Worker-16: Launching mavenrun-69378b04-e4ac-4272-8b81-71f27b641e8a] INFO  o.eclipse.m2e.core.internal.Bundles - 	Entry: C:\Users\saumy\.p2\pool\plugins\org.eclipse.m2e.maven.runtime_3.8.604.20221130-2149\jars\plexus-component-annotations-2.1.0.jar
2023-06-07 11:18:25,456 [Worker-16: Launching mavenrun-69378b04-e4ac-4272-8b81-71f27b641e8a] INFO  o.eclipse.m2e.core.internal.Bundles - 	Entry: C:\Users\saumy\.p2\pool\plugins\org.eclipse.m2e.maven.runtime_3.8.604.20221130-2149\jars\plexus-interpolation-1.26.jar
2023-06-07 11:18:25,456 [Worker-16: Launching mavenrun-69378b04-e4ac-4272-8b81-71f27b641e8a] INFO  o.eclipse.m2e.core.internal.Bundles - 	Entry: C:\Users\saumy\.p2\pool\plugins\org.eclipse.m2e.maven.runtime_3.8.604.20221130-2149\jars\plexus-sec-dispatcher-2.0.jar
2023-06-07 11:18:25,456 [Worker-16: Launching mavenrun-69378b04-e4ac-4272-8b81-71f27b641e8a] INFO  o.eclipse.m2e.core.internal.Bundles - 	Entry: C:\Users\saumy\.p2\pool\plugins\org.eclipse.m2e.maven.runtime_3.8.604.20221130-2149\jars\plexus-utils-3.3.1.jar
2023-06-07 11:18:25,456 [Worker-16: Launching mavenrun-69378b04-e4ac-4272-8b81-71f27b641e8a] INFO  o.eclipse.m2e.core.internal.Bundles - 	Entry: C:\Users\saumy\.p2\pool\plugins\org.eclipse.m2e.maven.runtime_3.8.604.20221130-2149\jars\wagon-file-3.5.1.jar
2023-06-07 11:18:25,456 [Worker-16: Launching mavenrun-69378b04-e4ac-4272-8b81-71f27b641e8a] INFO  o.eclipse.m2e.core.internal.Bundles - 	Entry: C:\Users\saumy\.p2\pool\plugins\org.eclipse.m2e.maven.runtime_3.8.604.20221130-2149\jars\wagon-provider-api-3.5.1.jar
2023-06-07 11:18:25,459 [Worker-16: Launching mavenrun-69378b04-e4ac-4272-8b81-71f27b641e8a] INFO  o.eclipse.m2e.core.internal.Bundles - getClasspathEntries(Bundle=com.google.guava_30.1.0.v20221112-0806 [10])
2023-06-07 11:18:25,462 [Worker-16: Launching mavenrun-69378b04-e4ac-4272-8b81-71f27b641e8a] INFO  o.eclipse.m2e.core.internal.Bundles - 	Entry: C:\Users\saumy\.p2\pool\plugins\com.google.guava_30.1.0.v20221112-0806.jar
2023-06-07 11:18:25,462 [Worker-16: Launching mavenrun-69378b04-e4ac-4272-8b81-71f27b641e8a] INFO  o.eclipse.m2e.core.internal.Bundles - getClasspathEntries(Bundle=slf4j.api_1.7.36 [917])
2023-06-07 11:18:25,463 [Worker-16: Launching mavenrun-69378b04-e4ac-4272-8b81-71f27b641e8a] INFO  o.eclipse.m2e.core.internal.Bundles - 	Entry: C:\Users\saumy\.p2\pool\plugins\slf4j.api_1.7.36.jar
2023-06-07 11:18:25,463 [Worker-16: Launching mavenrun-69378b04-e4ac-4272-8b81-71f27b641e8a] INFO  o.eclipse.m2e.core.internal.Bundles - getClasspathEntries(Bundle=javax.inject_1.0.0.v20220405-0441 [32])
2023-06-07 11:18:25,464 [Worker-16: Launching mavenrun-69378b04-e4ac-4272-8b81-71f27b641e8a] INFO  o.eclipse.m2e.core.internal.Bundles - 	Entry: C:\Users\saumy\.p2\pool\plugins\javax.inject_1.0.0.v20220405-0441.jar
2023-06-07 11:18:25,464 [Worker-16: Launching mavenrun-69378b04-e4ac-4272-8b81-71f27b641e8a] INFO  o.eclipse.m2e.core.internal.Bundles - getClasspathEntries(Bundle=javax.annotation_1.3.5.v20221112-0806 [30])
2023-06-07 11:18:25,466 [Worker-16: Launching mavenrun-69378b04-e4ac-4272-8b81-71f27b641e8a] INFO  o.eclipse.m2e.core.internal.Bundles - 	Entry: C:\Users\saumy\.p2\pool\plugins\javax.annotation_1.3.5.v20221112-0806.jar
2023-06-07 11:18:25,469 [Worker-16: Launching mavenrun-69378b04-e4ac-4272-8b81-71f27b641e8a] INFO  o.e.m.i.launch.MavenLaunchDelegate - Run build in "C:\Users\saumy\AppData\Local\Temp\m2e-archetypeGenerator4768261398329809740":
2023-06-07 11:18:25,472 [Worker-16: Launching mavenrun-69378b04-e4ac-4272-8b81-71f27b641e8a] INFO  o.e.m.i.launch.MavenLaunchDelegate -  mvn  -DarchetypeGroupId=org.apache.maven.archetypes -DarchetypeArtifactId=maven-archetype-quickstart -DarchetypeVersion=1.1 -DgroupId=com.saumya -DartifactId=springframe -Dversion=0.0.1-SNAPSHOT -Dpackage=com.saumya.springframetelesku -DoutputDirectory=D:\6Degree\honeycomb -Dstyle.color=always -U archetype:generate
2023-06-07 11:19:33,044 [Worker-18: Launching mavenrun-83b0b1f1-a64f-4191-a95d-07b6ec241de2] INFO  o.e.m.i.launch.MavenLaunchDelegate - Run build in "C:\Users\saumy\AppData\Local\Temp\m2e-archetypeGenerator6435791699081868819":
2023-06-07 11:19:33,050 [Worker-18: Launching mavenrun-83b0b1f1-a64f-4191-a95d-07b6ec241de2] INFO  o.e.m.i.launch.MavenLaunchDelegate -  mvn  -DarchetypeGroupId=org.apache.maven.archetypes -DarchetypeArtifactId=maven-archetype-quickstart -DarchetypeVersion=1.1 -DgroupId=com.saumya -DartifactId=springframetelesku -Dversion=0.0.1-SNAPSHOT -Dpackage=com.saumya.springframetelesku -DoutputDirectory=D:\6Degree\honeycomb -Dstyle.color=always -U archetype:generate
2023-06-07 11:20:15,769 [Worker-17: Searching...] INFO  o.eclipse.m2e.core.internal.Bundles - getClasspathEntries(Bundle=org.eclipse.m2e.workspace.cli_0.3.1 [617])
2023-06-07 11:20:15,770 [Worker-17: Searching...] INFO  o.eclipse.m2e.core.internal.Bundles - 	Entry: C:\Users\saumy\.p2\pool\plugins\org.eclipse.m2e.workspace.cli_0.3.1.jar
2023-06-07 11:20:15,920 [Worker-17: Searching...] INFO  o.e.m.c.i.e.AbstractTransferListenerAdapter - Downloading https://repo.maven.apache.org/maven2/io/takari/m2e/workspace/org.eclipse.m2e.workspace.cli/0.3.1/org.eclipse.m2e.workspace.cli-0.3.1-sources.jar
2023-06-07 11:20:15,961 [Worker-17: Searching...] INFO  o.e.m.c.i.e.AbstractTransferListenerAdapter - Downloaded https://repo.maven.apache.org/maven2/io/takari/m2e/workspace/org.eclipse.m2e.workspace.cli/0.3.1/org.eclipse.m2e.workspace.cli-0.3.1-sources.jar
2023-06-07 11:20:16,058 [Worker-17: Searching...] INFO  o.e.m.c.i.e.AbstractTransferListenerAdapter - Downloading https://repo.maven.apache.org/maven2/org/codehaus/plexus/plexus-classworlds/2.6.0/plexus-classworlds-2.6.0-sources.jar
2023-06-07 11:20:16,102 [Worker-17: Searching...] INFO  o.e.m.c.i.e.AbstractTransferListenerAdapter - Downloaded https://repo.maven.apache.org/maven2/org/codehaus/plexus/plexus-classworlds/2.6.0/plexus-classworlds-2.6.0-sources.jar
2023-06-07 11:20:16,289 [Worker-17: Searching...] INFO  o.e.m.c.i.e.AbstractTransferListenerAdapter - Downloading https://repo.maven.apache.org/maven2/io/takari/aether/aether-connector-okhttp/0.17.8/aether-connector-okhttp-0.17.8-sources.jar
2023-06-07 11:20:16,328 [Worker-17: Searching...] INFO  o.e.m.c.i.e.AbstractTransferListenerAdapter - Downloaded https://repo.maven.apache.org/maven2/io/takari/aether/aether-connector-okhttp/0.17.8/aether-connector-okhttp-0.17.8-sources.jar
2023-06-07 11:20:16,419 [Worker-17: Searching...] INFO  o.e.m.c.i.e.AbstractTransferListenerAdapter - Downloading https://repo.maven.apache.org/maven2/commons-cli/commons-cli/1.4/commons-cli-1.4-sources.jar
2023-06-07 11:20:16,460 [Worker-17: Searching...] INFO  o.e.m.c.i.e.AbstractTransferListenerAdapter - Downloaded https://repo.maven.apache.org/maven2/commons-cli/commons-cli/1.4/commons-cli-1.4-sources.jar
2023-06-07 11:20:16,554 [Worker-17: Searching...] INFO  o.e.m.c.i.e.AbstractTransferListenerAdapter - Downloading https://repo.maven.apache.org/maven2/commons-io/commons-io/2.6/commons-io-2.6-sources.jar
2023-06-07 11:20:16,666 [Worker-17: Searching...] INFO  o.e.m.c.i.e.AbstractTransferListenerAdapter - Downloaded https://repo.maven.apache.org/maven2/commons-io/commons-io/2.6/commons-io-2.6-sources.jar
2023-06-07 11:20:16,762 [Worker-17: Searching...] INFO  o.e.m.c.i.e.AbstractTransferListenerAdapter - Downloading https://repo.maven.apache.org/maven2/org/apache/commons/commons-lang3/3.8.1/commons-lang3-3.8.1-sources.jar
2023-06-07 11:20:16,843 [Worker-17: Searching...] INFO  o.e.m.c.i.e.AbstractTransferListenerAdapter - Downloaded https://repo.maven.apache.org/maven2/org/apache/commons/commons-lang3/3.8.1/commons-lang3-3.8.1-sources.jar
2023-06-07 11:20:16,985 [Worker-17: Searching...] INFO  o.e.m.c.i.e.AbstractTransferListenerAdapter - Downloading https://repo.maven.apache.org/maven2/org/fusesource/jansi/jansi/2.4.0/jansi-2.4.0-sources.jar
2023-06-07 11:20:17,050 [Worker-17: Searching...] INFO  o.e.m.c.i.e.AbstractTransferListenerAdapter - Downloaded https://repo.maven.apache.org/maven2/org/fusesource/jansi/jansi/2.4.0/jansi-2.4.0-sources.jar
2023-06-07 11:20:17,143 [Worker-17: Searching...] INFO  o.e.m.c.i.e.AbstractTransferListenerAdapter - Downloading https://repo.maven.apache.org/maven2/org/apache/maven/maven-artifact/3.8.6/maven-artifact-3.8.6-sources.jar
2023-06-07 11:20:17,184 [Worker-17: Searching...] INFO  o.e.m.c.i.e.AbstractTransferListenerAdapter - Downloaded https://repo.maven.apache.org/maven2/org/apache/maven/maven-artifact/3.8.6/maven-artifact-3.8.6-sources.jar
2023-06-07 11:20:17,273 [Worker-17: Searching...] INFO  o.e.m.c.i.e.AbstractTransferListenerAdapter - Downloading https://repo.maven.apache.org/maven2/org/apache/maven/maven-builder-support/3.8.6/maven-builder-support-3.8.6-sources.jar
2023-06-07 11:20:17,318 [Worker-17: Searching...] INFO  o.e.m.c.i.e.AbstractTransferListenerAdapter - Downloaded https://repo.maven.apache.org/maven2/org/apache/maven/maven-builder-support/3.8.6/maven-builder-support-3.8.6-sources.jar
2023-06-07 11:20:17,410 [Worker-17: Searching...] INFO  o.e.m.c.i.e.AbstractTransferListenerAdapter - Downloading https://repo.maven.apache.org/maven2/org/apache/maven/maven-compat/3.8.6/maven-compat-3.8.6-sources.jar
2023-06-07 11:20:17,481 [Worker-17: Searching...] INFO  o.e.m.c.i.e.AbstractTransferListenerAdapter - Downloaded https://repo.maven.apache.org/maven2/org/apache/maven/maven-compat/3.8.6/maven-compat-3.8.6-sources.jar
2023-06-07 11:20:17,561 [Worker-17: Searching...] INFO  o.e.m.c.i.e.AbstractTransferListenerAdapter - Downloading https://repo.maven.apache.org/maven2/org/apache/maven/maven-core/3.8.6/maven-core-3.8.6-sources.jar
2023-06-07 11:20:17,672 [Worker-17: Searching...] INFO  o.e.m.c.i.e.AbstractTransferListenerAdapter - Downloaded https://repo.maven.apache.org/maven2/org/apache/maven/maven-core/3.8.6/maven-core-3.8.6-sources.jar
2023-06-07 11:20:17,776 [Worker-17: Searching...] INFO  o.e.m.c.i.e.AbstractTransferListenerAdapter - Downloading https://repo.maven.apache.org/maven2/org/apache/maven/maven-embedder/3.8.6/maven-embedder-3.8.6-sources.jar
2023-06-07 11:20:17,823 [Worker-17: Searching...] INFO  o.e.m.c.i.e.AbstractTransferListenerAdapter - Downloaded https://repo.maven.apache.org/maven2/org/apache/maven/maven-embedder/3.8.6/maven-embedder-3.8.6-sources.jar
2023-06-07 11:20:17,910 [Worker-17: Searching...] INFO  o.e.m.c.i.e.AbstractTransferListenerAdapter - Downloading https://repo.maven.apache.org/maven2/org/apache/maven/maven-model/3.8.6/maven-model-3.8.6-sources.jar
2023-06-07 11:20:17,964 [Worker-17: Searching...] INFO  o.e.m.c.i.e.AbstractTransferListenerAdapter - Downloaded https://repo.maven.apache.org/maven2/org/apache/maven/maven-model/3.8.6/maven-model-3.8.6-sources.jar
2023-06-07 11:20:18,053 [Worker-17: Searching...] INFO  o.e.m.c.i.e.AbstractTransferListenerAdapter - Downloading https://repo.maven.apache.org/maven2/org/apache/maven/maven-model-builder/3.8.6/maven-model-builder-3.8.6-sources.jar
2023-06-07 11:20:18,110 [Worker-17: Searching...] INFO  o.e.m.c.i.e.AbstractTransferListenerAdapter - Downloaded https://repo.maven.apache.org/maven2/org/apache/maven/maven-model-builder/3.8.6/maven-model-builder-3.8.6-sources.jar
2023-06-07 11:20:18,199 [Worker-17: Searching...] INFO  o.e.m.c.i.e.AbstractTransferListenerAdapter - Downloading https://repo.maven.apache.org/maven2/org/apache/maven/maven-plugin-api/3.8.6/maven-plugin-api-3.8.6-sources.jar
2023-06-07 11:20:18,249 [Worker-17: Searching...] INFO  o.e.m.c.i.e.AbstractTransferListenerAdapter - Downloaded https://repo.maven.apache.org/maven2/org/apache/maven/maven-plugin-api/3.8.6/maven-plugin-api-3.8.6-sources.jar
2023-06-07 11:20:18,325 [Worker-17: Searching...] INFO  o.e.m.c.i.e.AbstractTransferListenerAdapter - Downloading https://repo.maven.apache.org/maven2/org/apache/maven/maven-repository-metadata/3.8.6/maven-repository-metadata-3.8.6-sources.jar
2023-06-07 11:20:18,355 [Worker-17: Searching...] INFO  o.e.m.c.i.e.AbstractTransferListenerAdapter - Downloaded https://repo.maven.apache.org/maven2/org/apache/maven/maven-repository-metadata/3.8.6/maven-repository-metadata-3.8.6-sources.jar
2023-06-07 11:20:18,435 [Worker-17: Searching...] INFO  o.e.m.c.i.e.AbstractTransferListenerAdapter - Downloading https://repo.maven.apache.org/maven2/org/apache/maven/resolver/maven-resolver-api/1.6.3/maven-resolver-api-1.6.3-sources.jar
2023-06-07 11:20:18,502 [Worker-17: Searching...] INFO  o.e.m.c.i.e.AbstractTransferListenerAdapter - Downloaded https://repo.maven.apache.org/maven2/org/apache/maven/resolver/maven-resolver-api/1.6.3/maven-resolver-api-1.6.3-sources.jar
2023-06-07 11:20:18,600 [Worker-17: Searching...] INFO  o.e.m.c.i.e.AbstractTransferListenerAdapter - Downloading https://repo.maven.apache.org/maven2/org/apache/maven/resolver/maven-resolver-connector-basic/1.6.3/maven-resolver-connector-basic-1.6.3-sources.jar
2023-06-07 11:20:18,637 [Worker-17: Searching...] INFO  o.e.m.c.i.e.AbstractTransferListenerAdapter - Downloaded https://repo.maven.apache.org/maven2/org/apache/maven/resolver/maven-resolver-connector-basic/1.6.3/maven-resolver-connector-basic-1.6.3-sources.jar
2023-06-07 11:20:18,740 [Worker-17: Searching...] INFO  o.e.m.c.i.e.AbstractTransferListenerAdapter - Downloading https://repo.maven.apache.org/maven2/org/apache/maven/resolver/maven-resolver-impl/1.6.3/maven-resolver-impl-1.6.3-sources.jar
2023-06-07 11:20:18,790 [Worker-17: Searching...] INFO  o.e.m.c.i.e.AbstractTransferListenerAdapter - Downloaded https://repo.maven.apache.org/maven2/org/apache/maven/resolver/maven-resolver-impl/1.6.3/maven-resolver-impl-1.6.3-sources.jar
2023-06-07 11:20:18,895 [Worker-17: Searching...] INFO  o.e.m.c.i.e.AbstractTransferListenerAdapter - Downloading https://repo.maven.apache.org/maven2/org/apache/maven/maven-resolver-provider/3.8.6/maven-resolver-provider-3.8.6-sources.jar
2023-06-07 11:20:18,945 [Worker-17: Searching...] INFO  o.e.m.c.i.e.AbstractTransferListenerAdapter - Downloaded https://repo.maven.apache.org/maven2/org/apache/maven/maven-resolver-provider/3.8.6/maven-resolver-provider-3.8.6-sources.jar
2023-06-07 11:20:19,033 [Worker-17: Searching...] INFO  o.e.m.c.i.e.AbstractTransferListenerAdapter - Downloading https://repo.maven.apache.org/maven2/org/apache/maven/resolver/maven-resolver-spi/1.6.3/maven-resolver-spi-1.6.3-sources.jar
2023-06-07 11:20:19,099 [Worker-17: Searching...] INFO  o.e.m.c.i.e.AbstractTransferListenerAdapter - Downloaded https://repo.maven.apache.org/maven2/org/apache/maven/resolver/maven-resolver-spi/1.6.3/maven-resolver-spi-1.6.3-sources.jar
2023-06-07 11:20:19,200 [Worker-17: Searching...] INFO  o.e.m.c.i.e.AbstractTransferListenerAdapter - Downloading https://repo.maven.apache.org/maven2/org/apache/maven/resolver/maven-resolver-transport-wagon/1.6.3/maven-resolver-transport-wagon-1.6.3-sources.jar
2023-06-07 11:20:19,236 [Worker-17: Searching...] INFO  o.e.m.c.i.e.AbstractTransferListenerAdapter - Downloaded https://repo.maven.apache.org/maven2/org/apache/maven/resolver/maven-resolver-transport-wagon/1.6.3/maven-resolver-transport-wagon-1.6.3-sources.jar
2023-06-07 11:20:19,313 [Worker-17: Searching...] INFO  o.e.m.c.i.e.AbstractTransferListenerAdapter - Downloading https://repo.maven.apache.org/maven2/org/apache/maven/resolver/maven-resolver-util/1.6.3/maven-resolver-util-1.6.3-sources.jar
2023-06-07 11:20:19,369 [Worker-17: Searching...] INFO  o.e.m.c.i.e.AbstractTransferListenerAdapter - Downloaded https://repo.maven.apache.org/maven2/org/apache/maven/resolver/maven-resolver-util/1.6.3/maven-resolver-util-1.6.3-sources.jar
2023-06-07 11:20:19,467 [Worker-17: Searching...] INFO  o.e.m.c.i.e.AbstractTransferListenerAdapter - Downloading https://repo.maven.apache.org/maven2/org/apache/maven/maven-settings/3.8.6/maven-settings-3.8.6-sources.jar
2023-06-07 11:20:19,518 [Worker-17: Searching...] INFO  o.e.m.c.i.e.AbstractTransferListenerAdapter - Downloaded https://repo.maven.apache.org/maven2/org/apache/maven/maven-settings/3.8.6/maven-settings-3.8.6-sources.jar
2023-06-07 11:20:19,596 [Worker-17: Searching...] INFO  o.e.m.c.i.e.AbstractTransferListenerAdapter - Downloading https://repo.maven.apache.org/maven2/org/apache/maven/maven-settings-builder/3.8.6/maven-settings-builder-3.8.6-sources.jar
2023-06-07 11:20:19,639 [Worker-17: Searching...] INFO  o.e.m.c.i.e.AbstractTransferListenerAdapter - Downloaded https://repo.maven.apache.org/maven2/org/apache/maven/maven-settings-builder/3.8.6/maven-settings-builder-3.8.6-sources.jar
2023-06-07 11:20:19,727 [Worker-17: Searching...] INFO  o.e.m.c.i.e.AbstractTransferListenerAdapter - Downloading https://repo.maven.apache.org/maven2/org/apache/maven/shared/maven-shared-utils/3.3.4/maven-shared-utils-3.3.4-sources.jar
2023-06-07 11:20:19,784 [Worker-17: Searching...] INFO  o.e.m.c.i.e.AbstractTransferListenerAdapter - Downloaded https://repo.maven.apache.org/maven2/org/apache/maven/shared/maven-shared-utils/3.3.4/maven-shared-utils-3.3.4-sources.jar
2023-06-07 11:20:19,927 [Worker-17: Searching...] INFO  o.e.m.c.i.e.AbstractTransferListenerAdapter - Downloading https://repo.maven.apache.org/maven2/com/squareup/okhttp3/okhttp/3.14.1/okhttp-3.14.1-sources.jar
2023-06-07 11:20:20,010 [Worker-17: Searching...] INFO  o.e.m.c.i.e.AbstractTransferListenerAdapter - Downloaded https://repo.maven.apache.org/maven2/com/squareup/okhttp3/okhttp/3.14.1/okhttp-3.14.1-sources.jar
2023-06-07 11:20:20,082 [Worker-17: Searching...] INFO  o.e.m.c.i.e.AbstractTransferListenerAdapter - Downloading https://repo.maven.apache.org/maven2/com/squareup/okio/okio/1.17.3/okio-1.17.3-sources.jar
2023-06-07 11:20:20,130 [Worker-17: Searching...] INFO  o.e.m.c.i.e.AbstractTransferListenerAdapter - Downloaded https://repo.maven.apache.org/maven2/com/squareup/okio/okio/1.17.3/okio-1.17.3-sources.jar
2023-06-07 11:20:20,230 [Worker-17: Searching...] INFO  o.e.m.c.i.e.AbstractTransferListenerAdapter - Downloading https://repo.maven.apache.org/maven2/org/codehaus/plexus/plexus-cipher/2.0/plexus-cipher-2.0-sources.jar
2023-06-07 11:20:20,269 [Worker-17: Searching...] INFO  o.e.m.c.i.e.AbstractTransferListenerAdapter - Downloaded https://repo.maven.apache.org/maven2/org/codehaus/plexus/plexus-cipher/2.0/plexus-cipher-2.0-sources.jar
2023-06-07 11:20:20,346 [Worker-17: Searching...] INFO  o.e.m.c.i.e.AbstractTransferListenerAdapter - Downloading https://repo.maven.apache.org/maven2/org/codehaus/plexus/plexus-component-annotations/2.1.0/plexus-component-annotations-2.1.0-sources.jar
2023-06-07 11:20:20,386 [Worker-17: Searching...] INFO  o.e.m.c.i.e.AbstractTransferListenerAdapter - Downloaded https://repo.maven.apache.org/maven2/org/codehaus/plexus/plexus-component-annotations/2.1.0/plexus-component-annotations-2.1.0-sources.jar
2023-06-07 11:20:20,474 [Worker-17: Searching...] INFO  o.e.m.c.i.e.AbstractTransferListenerAdapter - Downloading https://repo.maven.apache.org/maven2/org/codehaus/plexus/plexus-interpolation/1.26/plexus-interpolation-1.26-sources.jar
2023-06-07 11:20:20,522 [Worker-17: Searching...] INFO  o.e.m.c.i.e.AbstractTransferListenerAdapter - Downloaded https://repo.maven.apache.org/maven2/org/codehaus/plexus/plexus-interpolation/1.26/plexus-interpolation-1.26-sources.jar
2023-06-07 11:20:20,609 [Worker-17: Searching...] INFO  o.e.m.c.i.e.AbstractTransferListenerAdapter - Downloading https://repo.maven.apache.org/maven2/org/codehaus/plexus/plexus-sec-dispatcher/2.0/plexus-sec-dispatcher-2.0-sources.jar
2023-06-07 11:20:20,651 [Worker-17: Searching...] INFO  o.e.m.c.i.e.AbstractTransferListenerAdapter - Downloaded https://repo.maven.apache.org/maven2/org/codehaus/plexus/plexus-sec-dispatcher/2.0/plexus-sec-dispatcher-2.0-sources.jar
2023-06-07 11:20:20,739 [Worker-17: Searching...] INFO  o.e.m.c.i.e.AbstractTransferListenerAdapter - Downloading https://repo.maven.apache.org/maven2/org/codehaus/plexus/plexus-utils/3.3.1/plexus-utils-3.3.1-sources.jar
2023-06-07 11:20:20,809 [Worker-17: Searching...] INFO  o.e.m.c.i.e.AbstractTransferListenerAdapter - Downloaded https://repo.maven.apache.org/maven2/org/codehaus/plexus/plexus-utils/3.3.1/plexus-utils-3.3.1-sources.jar
2023-06-07 11:20:20,898 [Worker-17: Searching...] INFO  o.e.m.c.i.e.AbstractTransferListenerAdapter - Downloading https://repo.maven.apache.org/maven2/org/apache/maven/wagon/wagon-file/3.5.1/wagon-file-3.5.1-sources.jar
2023-06-07 11:20:20,937 [Worker-17: Searching...] INFO  o.e.m.c.i.e.AbstractTransferListenerAdapter - Downloaded https://repo.maven.apache.org/maven2/org/apache/maven/wagon/wagon-file/3.5.1/wagon-file-3.5.1-sources.jar
2023-06-07 11:20:21,028 [Worker-17: Searching...] INFO  o.e.m.c.i.e.AbstractTransferListenerAdapter - Downloading https://repo.maven.apache.org/maven2/org/apache/maven/wagon/wagon-provider-api/3.5.1/wagon-provider-api-3.5.1-sources.jar
2023-06-07 11:20:21,065 [Worker-17: Searching...] INFO  o.e.m.c.i.e.AbstractTransferListenerAdapter - Downloaded https://repo.maven.apache.org/maven2/org/apache/maven/wagon/wagon-provider-api/3.5.1/wagon-provider-api-3.5.1-sources.jar
2023-06-07 11:20:21,144 [Worker-17: Searching...] INFO  o.e.m.c.i.e.AbstractTransferListenerAdapter - Downloading https://repo.maven.apache.org/maven2/org/apache/maven/maven-slf4j-provider/3.8.6/maven-slf4j-provider-3.8.6-sources.jar
2023-06-07 11:20:21,533 [Worker-17: Searching...] INFO  o.e.m.c.i.e.AbstractTransferListenerAdapter - Downloaded https://repo.maven.apache.org/maven2/org/apache/maven/maven-slf4j-provider/3.8.6/maven-slf4j-provider-3.8.6-sources.jar
2023-06-07 14:57:15,473 [Worker-2: Loading available Gradle versions] INFO  o.e.b.c.i.u.g.PublishedGradleVersions - Gradle version information cache is up-to-date. Trying to read.
